Initializing document watcher...
challenge/.attach_pid4853: {"insertSpaces":true,"tabSize":2}
challenge/.attach_pid4853: {"insertSpaces":true,"tabSize":2}
challenge/.attach_pid4853: {"insertSpaces":true,"tabSize":2}
challenge/src/app/services/login.service.ts: {"insertSpaces":true,"tabSize":2}
challenge/src/app/services/login.service.ts: {"insertSpaces":true,"tabSize":2}
challenge/src/app/services/login.service.ts: Using EditorConfig core...
src/app/services/login.service.ts: editor.action.trimTrailingWhitespace
challenge/src/app/services/login.service.ts: Using EditorConfig core...
src/app/services/login.service.ts: editor.action.trimTrailingWhitespace
challenge/src/app/services/login.service.ts: Using EditorConfig core...
src/app/services/login.service.ts: editor.action.trimTrailingWhitespace
challenge/src/app/services/login.service.ts: Using EditorConfig core...
src/app/services/login.service.ts: editor.action.trimTrailingWhitespace
challenge/src/app/services/login.service.ts: {"insertSpaces":true,"tabSize":2}
challenge/src/app/services/login.service.ts: {"insertSpaces":true,"tabSize":2}
challenge/src/app/services/login.service.ts: {"insertSpaces":true,"tabSize":2}
challenge/src/app/services/login.service.ts: {"insertSpaces":true,"tabSize":2}
challenge/src/app/services/login.service.ts: {"insertSpaces":true,"tabSize":2}
challenge/src/app/services/login.service.ts: {"insertSpaces":true,"tabSize":2}
