[2020-06-23 08:21:30.161] [exthost] [info] extension host started
[2020-06-23 08:21:30.211] [exthost] [info] ExtensionService#_doActivateExtension aaron-bond.better-comments {"startup":false,"extensionId":{"value":"aaron-bond.better-comments","_lower":"aaron-bond.better-comments"},"activationEvent":"onLanguage:plaintext"}
[2020-06-23 08:21:30.211] [exthost] [info] ExtensionService#loadCommonJSModule file:///home/yeti/.vscode/extensions/aaron-bond.better-comments-2.0.5/out/extension
[2020-06-23 08:21:30.216] [exthost] [info] ExtensionService#_doActivateExtension vscode.debug-auto-launch {"startup":true,"extensionId":{"value":"vscode.debug-auto-launch","_lower":"vscode.debug-auto-launch"},"activationEvent":"*"}
[2020-06-23 08:21:30.216] [exthost] [info] ExtensionService#loadCommonJSModule file:///usr/share/code/resources/app/extensions/debug-auto-launch/dist/extension
[2020-06-23 08:21:30.220] [exthost] [info] ExtensionService#_doActivateExtension vscode.emmet {"startup":true,"extensionId":{"value":"vscode.emmet","_lower":"vscode.emmet"},"activationEvent":"*"}
[2020-06-23 08:21:30.220] [exthost] [info] ExtensionService#loadCommonJSModule file:///usr/share/code/resources/app/extensions/emmet/dist/extension
[2020-06-23 08:21:30.243] [exthost] [info] ExtensionService#_doActivateExtension vscode.git {"startup":true,"extensionId":{"value":"vscode.git","_lower":"vscode.git"},"activationEvent":"*"}
[2020-06-23 08:21:30.243] [exthost] [info] ExtensionService#loadCommonJSModule file:///usr/share/code/resources/app/extensions/git/dist/main
[2020-06-23 08:21:30.288] [exthost] [info] ExtensionService#_doActivateExtension vscode.github-authentication {"startup":true,"extensionId":{"value":"vscode.github-authentication","_lower":"vscode.github-authentication"},"activationEvent":"*"}
[2020-06-23 08:21:30.288] [exthost] [info] ExtensionService#loadCommonJSModule file:///usr/share/code/resources/app/extensions/github-authentication/dist/extension.js
[2020-06-23 08:21:30.292] [exthost] [info] ExtensionService#_doActivateExtension vscode.merge-conflict {"startup":true,"extensionId":{"value":"vscode.merge-conflict","_lower":"vscode.merge-conflict"},"activationEvent":"*"}
[2020-06-23 08:21:30.292] [exthost] [info] ExtensionService#loadCommonJSModule file:///usr/share/code/resources/app/extensions/merge-conflict/dist/extension
[2020-06-23 08:21:30.296] [exthost] [info] ExtensionService#_doActivateExtension vscode.search-result {"startup":true,"extensionId":{"value":"vscode.search-result","_lower":"vscode.search-result"},"activationEvent":"*"}
[2020-06-23 08:21:30.296] [exthost] [info] ExtensionService#loadCommonJSModule file:///usr/share/code/resources/app/extensions/search-result/dist/extension.js
[2020-06-23 08:21:30.297] [exthost] [info] ExtensionService#_doActivateExtension vscode.vscode-account {"startup":true,"extensionId":{"value":"vscode.vscode-account","_lower":"vscode.vscode-account"},"activationEvent":"*"}
[2020-06-23 08:21:30.297] [exthost] [info] ExtensionService#loadCommonJSModule file:///usr/share/code/resources/app/extensions/vscode-account/dist/extension.js
[2020-06-23 08:21:30.301] [exthost] [info] ExtensionService#_doActivateExtension alefragnani.project-manager {"startup":true,"extensionId":{"value":"alefragnani.project-manager","_lower":"alefragnani.project-manager"},"activationEvent":"*"}
[2020-06-23 08:21:30.301] [exthost] [info] ExtensionService#loadCommonJSModule file:///home/yeti/.vscode/extensions/alefragnani.project-manager-10.12.0/dist/extension
[2020-06-23 08:21:30.305] [exthost] [info] ExtensionService#_doActivateExtension CoenraadS.bracket-pair-colorizer {"startup":true,"extensionId":{"value":"CoenraadS.bracket-pair-colorizer","_lower":"coenraads.bracket-pair-colorizer"},"activationEvent":"*"}
[2020-06-23 08:21:30.305] [exthost] [info] ExtensionService#loadCommonJSModule file:///home/yeti/.vscode/extensions/coenraads.bracket-pair-colorizer-1.0.61/out/src/extension
[2020-06-23 08:21:30.323] [exthost] [info] ExtensionService#_doActivateExtension dbaeumer.vscode-eslint {"startup":true,"extensionId":{"value":"dbaeumer.vscode-eslint","_lower":"dbaeumer.vscode-eslint"},"activationEvent":"*"}
[2020-06-23 08:21:30.323] [exthost] [info] ExtensionService#loadCommonJSModule file:///home/yeti/.vscode/extensions/dbaeumer.vscode-eslint-2.1.5/client/out/extension
[2020-06-23 08:21:30.336] [exthost] [info] ExtensionService#_doActivateExtension EditorConfig.EditorConfig {"startup":true,"extensionId":{"value":"EditorConfig.EditorConfig","_lower":"editorconfig.editorconfig"},"activationEvent":"*"}
[2020-06-23 08:21:30.336] [exthost] [info] ExtensionService#loadCommonJSModule file:///home/yeti/.vscode/extensions/editorconfig.editorconfig-0.15.1/out/editorConfigMain.js
[2020-06-23 08:21:30.353] [exthost] [info] ExtensionService#_doActivateExtension Equinusocio.vsc-material-theme {"startup":true,"extensionId":{"value":"Equinusocio.vsc-material-theme","_lower":"equinusocio.vsc-material-theme"},"activationEvent":"*"}
[2020-06-23 08:21:30.353] [exthost] [info] ExtensionService#loadCommonJSModule file:///home/yeti/.vscode/extensions/equinusocio.vsc-material-theme-32.6.0/build/material.theme.config
[2020-06-23 08:21:30.362] [exthost] [info] ExtensionService#_doActivateExtension equinusocio.vsc-material-theme-icons {"startup":true,"extensionId":{"value":"equinusocio.vsc-material-theme-icons","_lower":"equinusocio.vsc-material-theme-icons"},"activationEvent":"*"}
[2020-06-23 08:21:30.362] [exthost] [info] ExtensionService#loadCommonJSModule file:///home/yeti/.vscode/extensions/equinusocio.vsc-material-theme-icons-1.1.4/out/src/extension
[2020-06-23 08:21:30.369] [exthost] [info] ExtensionService#_doActivateExtension formulahendry.auto-close-tag {"startup":true,"extensionId":{"value":"formulahendry.auto-close-tag","_lower":"formulahendry.auto-close-tag"},"activationEvent":"*"}
[2020-06-23 08:21:30.369] [exthost] [info] ExtensionService#loadCommonJSModule file:///home/yeti/.vscode/extensions/formulahendry.auto-close-tag-0.5.7/out/src/extension
[2020-06-23 08:21:30.370] [exthost] [info] ExtensionService#_doActivateExtension ryanluker.vscode-coverage-gutters {"startup":true,"extensionId":{"value":"ryanluker.vscode-coverage-gutters","_lower":"ryanluker.vscode-coverage-gutters"},"activationEvent":"*"}
[2020-06-23 08:21:30.370] [exthost] [info] ExtensionService#loadCommonJSModule file:///home/yeti/.vscode/extensions/ryanluker.vscode-coverage-gutters-2.4.3/out/src/extension
[2020-06-23 08:21:30.550] [exthost] [info] ExtensionService#_doActivateExtension silverbulleters.sonarqube-inject {"startup":true,"extensionId":{"value":"silverbulleters.sonarqube-inject","_lower":"silverbulleters.sonarqube-inject"},"activationEvent":"*"}
[2020-06-23 08:21:30.550] [exthost] [info] ExtensionService#loadCommonJSModule file:///home/yeti/.vscode/extensions/silverbulleters.sonarqube-inject-2.1.0/out/src/extension
[2020-06-23 08:21:30.635] [exthost] [info] ExtensionService#_doActivateExtension wayou.vscode-todo-highlight {"startup":true,"extensionId":{"value":"wayou.vscode-todo-highlight","_lower":"wayou.vscode-todo-highlight"},"activationEvent":"*"}
[2020-06-23 08:21:30.636] [exthost] [info] ExtensionService#loadCommonJSModule file:///home/yeti/.vscode/extensions/wayou.vscode-todo-highlight-1.0.4/src/extension
[2020-06-23 08:21:30.640] [exthost] [info] eager extensions activated
[2020-06-23 08:21:46.328] [exthost] [info] extension host started
[2020-06-23 08:21:46.339] [exthost] [info] ExtensionService#_doActivateExtension aaron-bond.better-comments {"startup":false,"extensionId":{"value":"aaron-bond.better-comments","_lower":"aaron-bond.better-comments"},"activationEvent":"onLanguage:plaintext"}
[2020-06-23 08:21:46.339] [exthost] [info] ExtensionService#loadCommonJSModule file:///home/yeti/.vscode/extensions/aaron-bond.better-comments-2.0.5/out/extension
[2020-06-23 08:21:46.341] [exthost] [info] ExtensionService#_doActivateExtension vscode.debug-auto-launch {"startup":true,"extensionId":{"value":"vscode.debug-auto-launch","_lower":"vscode.debug-auto-launch"},"activationEvent":"*"}
[2020-06-23 08:21:46.341] [exthost] [info] ExtensionService#loadCommonJSModule file:///usr/share/code/resources/app/extensions/debug-auto-launch/dist/extension
[2020-06-23 08:21:46.343] [exthost] [info] ExtensionService#_doActivateExtension vscode.emmet {"startup":true,"extensionId":{"value":"vscode.emmet","_lower":"vscode.emmet"},"activationEvent":"*"}
[2020-06-23 08:21:46.343] [exthost] [info] ExtensionService#loadCommonJSModule file:///usr/share/code/resources/app/extensions/emmet/dist/extension
[2020-06-23 08:21:46.351] [exthost] [info] ExtensionService#_doActivateExtension vscode.git {"startup":true,"extensionId":{"value":"vscode.git","_lower":"vscode.git"},"activationEvent":"*"}
[2020-06-23 08:21:46.351] [exthost] [info] ExtensionService#loadCommonJSModule file:///usr/share/code/resources/app/extensions/git/dist/main
[2020-06-23 08:21:46.363] [exthost] [info] ExtensionService#_doActivateExtension vscode.github-authentication {"startup":true,"extensionId":{"value":"vscode.github-authentication","_lower":"vscode.github-authentication"},"activationEvent":"*"}
[2020-06-23 08:21:46.363] [exthost] [info] ExtensionService#loadCommonJSModule file:///usr/share/code/resources/app/extensions/github-authentication/dist/extension.js
[2020-06-23 08:21:46.365] [exthost] [info] ExtensionService#_doActivateExtension vscode.merge-conflict {"startup":true,"extensionId":{"value":"vscode.merge-conflict","_lower":"vscode.merge-conflict"},"activationEvent":"*"}
[2020-06-23 08:21:46.365] [exthost] [info] ExtensionService#loadCommonJSModule file:///usr/share/code/resources/app/extensions/merge-conflict/dist/extension
[2020-06-23 08:21:46.367] [exthost] [info] ExtensionService#_doActivateExtension vscode.search-result {"startup":true,"extensionId":{"value":"vscode.search-result","_lower":"vscode.search-result"},"activationEvent":"*"}
[2020-06-23 08:21:46.367] [exthost] [info] ExtensionService#loadCommonJSModule file:///usr/share/code/resources/app/extensions/search-result/dist/extension.js
[2020-06-23 08:21:46.368] [exthost] [info] ExtensionService#_doActivateExtension vscode.vscode-account {"startup":true,"extensionId":{"value":"vscode.vscode-account","_lower":"vscode.vscode-account"},"activationEvent":"*"}
[2020-06-23 08:21:46.368] [exthost] [info] ExtensionService#loadCommonJSModule file:///usr/share/code/resources/app/extensions/vscode-account/dist/extension.js
[2020-06-23 08:21:46.369] [exthost] [info] ExtensionService#_doActivateExtension alefragnani.project-manager {"startup":true,"extensionId":{"value":"alefragnani.project-manager","_lower":"alefragnani.project-manager"},"activationEvent":"*"}
[2020-06-23 08:21:46.369] [exthost] [info] ExtensionService#loadCommonJSModule file:///home/yeti/.vscode/extensions/alefragnani.project-manager-10.12.0/dist/extension
[2020-06-23 08:21:46.371] [exthost] [info] ExtensionService#_doActivateExtension CoenraadS.bracket-pair-colorizer {"startup":true,"extensionId":{"value":"CoenraadS.bracket-pair-colorizer","_lower":"coenraads.bracket-pair-colorizer"},"activationEvent":"*"}
[2020-06-23 08:21:46.371] [exthost] [info] ExtensionService#loadCommonJSModule file:///home/yeti/.vscode/extensions/coenraads.bracket-pair-colorizer-1.0.61/out/src/extension
[2020-06-23 08:21:46.384] [exthost] [info] ExtensionService#_doActivateExtension dbaeumer.vscode-eslint {"startup":true,"extensionId":{"value":"dbaeumer.vscode-eslint","_lower":"dbaeumer.vscode-eslint"},"activationEvent":"*"}
[2020-06-23 08:21:46.384] [exthost] [info] ExtensionService#loadCommonJSModule file:///home/yeti/.vscode/extensions/dbaeumer.vscode-eslint-2.1.5/client/out/extension
[2020-06-23 08:21:46.387] [exthost] [info] ExtensionService#_doActivateExtension EditorConfig.EditorConfig {"startup":true,"extensionId":{"value":"EditorConfig.EditorConfig","_lower":"editorconfig.editorconfig"},"activationEvent":"*"}
[2020-06-23 08:21:46.387] [exthost] [info] ExtensionService#loadCommonJSModule file:///home/yeti/.vscode/extensions/editorconfig.editorconfig-0.15.1/out/editorConfigMain.js
[2020-06-23 08:21:46.398] [exthost] [info] ExtensionService#_doActivateExtension Equinusocio.vsc-material-theme {"startup":true,"extensionId":{"value":"Equinusocio.vsc-material-theme","_lower":"equinusocio.vsc-material-theme"},"activationEvent":"*"}
[2020-06-23 08:21:46.399] [exthost] [info] ExtensionService#loadCommonJSModule file:///home/yeti/.vscode/extensions/equinusocio.vsc-material-theme-32.6.0/build/material.theme.config
[2020-06-23 08:21:46.404] [exthost] [info] ExtensionService#_doActivateExtension equinusocio.vsc-material-theme-icons {"startup":true,"extensionId":{"value":"equinusocio.vsc-material-theme-icons","_lower":"equinusocio.vsc-material-theme-icons"},"activationEvent":"*"}
[2020-06-23 08:21:46.405] [exthost] [info] ExtensionService#loadCommonJSModule file:///home/yeti/.vscode/extensions/equinusocio.vsc-material-theme-icons-1.1.4/out/src/extension
[2020-06-23 08:21:46.411] [exthost] [info] ExtensionService#_doActivateExtension formulahendry.auto-close-tag {"startup":true,"extensionId":{"value":"formulahendry.auto-close-tag","_lower":"formulahendry.auto-close-tag"},"activationEvent":"*"}
[2020-06-23 08:21:46.411] [exthost] [info] ExtensionService#loadCommonJSModule file:///home/yeti/.vscode/extensions/formulahendry.auto-close-tag-0.5.7/out/src/extension
[2020-06-23 08:21:46.412] [exthost] [info] ExtensionService#_doActivateExtension ryanluker.vscode-coverage-gutters {"startup":true,"extensionId":{"value":"ryanluker.vscode-coverage-gutters","_lower":"ryanluker.vscode-coverage-gutters"},"activationEvent":"*"}
[2020-06-23 08:21:46.412] [exthost] [info] ExtensionService#loadCommonJSModule file:///home/yeti/.vscode/extensions/ryanluker.vscode-coverage-gutters-2.4.3/out/src/extension
[2020-06-23 08:21:46.539] [exthost] [info] ExtensionService#_doActivateExtension silverbulleters.sonarqube-inject {"startup":true,"extensionId":{"value":"silverbulleters.sonarqube-inject","_lower":"silverbulleters.sonarqube-inject"},"activationEvent":"*"}
[2020-06-23 08:21:46.539] [exthost] [info] ExtensionService#loadCommonJSModule file:///home/yeti/.vscode/extensions/silverbulleters.sonarqube-inject-2.1.0/out/src/extension
[2020-06-23 08:21:46.582] [exthost] [info] ExtensionService#_doActivateExtension wayou.vscode-todo-highlight {"startup":true,"extensionId":{"value":"wayou.vscode-todo-highlight","_lower":"wayou.vscode-todo-highlight"},"activationEvent":"*"}
[2020-06-23 08:21:46.582] [exthost] [info] ExtensionService#loadCommonJSModule file:///home/yeti/.vscode/extensions/wayou.vscode-todo-highlight-1.0.4/src/extension
[2020-06-23 08:21:46.797] [exthost] [info] ExtensionService#_doActivateExtension vscjava.vscode-maven {"startup":true,"extensionId":{"value":"vscjava.vscode-maven","_lower":"vscjava.vscode-maven"},"activationEvent":"workspaceContains:**/pom.xml"}
[2020-06-23 08:21:46.797] [exthost] [info] ExtensionService#loadCommonJSModule file:///home/yeti/.vscode/extensions/vscjava.vscode-maven-0.22.0/dist/extension
[2020-06-23 08:21:46.930] [exthost] [info] eager extensions activated
[2020-06-23 08:21:53.776] [exthost] [info] ExtensionService#_doActivateExtension VisualStudioExptTeam.vscodeintellicode {"startup":false,"extensionId":{"value":"VisualStudioExptTeam.vscodeintellicode","_lower":"visualstudioexptteam.vscodeintellicode"},"activationEvent":"onLanguage:sql"}
[2020-06-23 08:21:53.776] [exthost] [info] ExtensionService#loadCommonJSModule file:///home/yeti/.vscode/extensions/visualstudioexptteam.vscodeintellicode-1.2.8/dist/intellicode
[2020-06-23 08:21:54.040] [exthost] [info] ExtensionService#_doActivateExtension vscode.configuration-editing {"startup":false,"extensionId":{"value":"vscode.configuration-editing","_lower":"vscode.configuration-editing"},"activationEvent":"onLanguage:jsonc"}
[2020-06-23 08:21:54.040] [exthost] [info] ExtensionService#loadCommonJSModule file:///usr/share/code/resources/app/extensions/configuration-editing/dist/extension
[2020-06-23 08:21:54.048] [exthost] [info] ExtensionService#_doActivateExtension vscode.json-language-features {"startup":false,"extensionId":{"value":"vscode.json-language-features","_lower":"vscode.json-language-features"},"activationEvent":"onLanguage:jsonc"}
[2020-06-23 08:21:54.048] [exthost] [info] ExtensionService#loadCommonJSModule file:///usr/share/code/resources/app/extensions/json-language-features/client/dist/jsonMain
[2020-06-23 08:21:54.088] [exthost] [info] ExtensionService#_doActivateExtension vscode.typescript-language-features {"startup":false,"extensionId":{"value":"vscode.typescript-language-features","_lower":"vscode.typescript-language-features"},"activationEvent":"onLanguage:jsonc"}
[2020-06-23 08:21:54.088] [exthost] [info] ExtensionService#loadCommonJSModule file:///usr/share/code/resources/app/extensions/typescript-language-features/dist/extension
[2020-06-23 08:21:54.890] [exthost] [info] ExtensionService#_doActivateExtension vscode.python {"startup":false,"extensionId":{"value":"vscode.python","_lower":"vscode.python"},"activationEvent":"onLanguage:python"}
[2020-06-23 08:21:54.890] [exthost] [info] ExtensionService#loadCommonJSModule file:///usr/share/code/resources/app/extensions/python/dist/pythonMain
[2020-06-23 08:21:54.893] [exthost] [info] ExtensionService#_doActivateExtension ms-python.python {"startup":false,"extensionId":{"value":"ms-python.python","_lower":"ms-python.python"},"activationEvent":"onLanguage:python"}
[2020-06-23 08:21:54.893] [exthost] [info] ExtensionService#loadCommonJSModule file:///home/yeti/.vscode/extensions/ms-python.python-2020.5.86806/out/client/extension
[2020-06-23 08:21:56.407] [exthost] [info] ExtensionService#_doActivateExtension ms-mssql.mssql {"startup":false,"extensionId":{"value":"VisualStudioExptTeam.vscodeintellicode","_lower":"visualstudioexptteam.vscodeintellicode"},"activationEvent":"api"}
[2020-06-23 08:21:56.407] [exthost] [info] ExtensionService#loadCommonJSModule file:///home/yeti/.vscode/extensions/ms-mssql.mssql-1.9.0/out/src/extension
[2020-06-23 08:25:26.153] [exthost] [info] extension host started
[2020-06-23 08:25:26.165] [exthost] [info] ExtensionService#_doActivateExtension aaron-bond.better-comments {"startup":false,"extensionId":{"value":"aaron-bond.better-comments","_lower":"aaron-bond.better-comments"},"activationEvent":"onLanguage:plaintext"}
[2020-06-23 08:25:26.165] [exthost] [info] ExtensionService#loadCommonJSModule file:///home/yeti/.vscode/extensions/aaron-bond.better-comments-2.0.5/out/extension
[2020-06-23 08:25:26.168] [exthost] [info] ExtensionService#_doActivateExtension vscode.debug-auto-launch {"startup":true,"extensionId":{"value":"vscode.debug-auto-launch","_lower":"vscode.debug-auto-launch"},"activationEvent":"*"}
[2020-06-23 08:25:26.168] [exthost] [info] ExtensionService#loadCommonJSModule file:///usr/share/code/resources/app/extensions/debug-auto-launch/dist/extension
[2020-06-23 08:25:26.170] [exthost] [info] ExtensionService#_doActivateExtension vscode.emmet {"startup":true,"extensionId":{"value":"vscode.emmet","_lower":"vscode.emmet"},"activationEvent":"*"}
[2020-06-23 08:25:26.170] [exthost] [info] ExtensionService#loadCommonJSModule file:///usr/share/code/resources/app/extensions/emmet/dist/extension
[2020-06-23 08:25:26.179] [exthost] [info] ExtensionService#_doActivateExtension vscode.git {"startup":true,"extensionId":{"value":"vscode.git","_lower":"vscode.git"},"activationEvent":"*"}
[2020-06-23 08:25:26.179] [exthost] [info] ExtensionService#loadCommonJSModule file:///usr/share/code/resources/app/extensions/git/dist/main
[2020-06-23 08:25:26.198] [exthost] [info] ExtensionService#_doActivateExtension vscode.github-authentication {"startup":true,"extensionId":{"value":"vscode.github-authentication","_lower":"vscode.github-authentication"},"activationEvent":"*"}
[2020-06-23 08:25:26.198] [exthost] [info] ExtensionService#loadCommonJSModule file:///usr/share/code/resources/app/extensions/github-authentication/dist/extension.js
[2020-06-23 08:25:26.201] [exthost] [info] ExtensionService#_doActivateExtension vscode.merge-conflict {"startup":true,"extensionId":{"value":"vscode.merge-conflict","_lower":"vscode.merge-conflict"},"activationEvent":"*"}
[2020-06-23 08:25:26.201] [exthost] [info] ExtensionService#loadCommonJSModule file:///usr/share/code/resources/app/extensions/merge-conflict/dist/extension
[2020-06-23 08:25:26.203] [exthost] [info] ExtensionService#_doActivateExtension vscode.search-result {"startup":true,"extensionId":{"value":"vscode.search-result","_lower":"vscode.search-result"},"activationEvent":"*"}
[2020-06-23 08:25:26.203] [exthost] [info] ExtensionService#loadCommonJSModule file:///usr/share/code/resources/app/extensions/search-result/dist/extension.js
[2020-06-23 08:25:26.204] [exthost] [info] ExtensionService#_doActivateExtension vscode.vscode-account {"startup":true,"extensionId":{"value":"vscode.vscode-account","_lower":"vscode.vscode-account"},"activationEvent":"*"}
[2020-06-23 08:25:26.204] [exthost] [info] ExtensionService#loadCommonJSModule file:///usr/share/code/resources/app/extensions/vscode-account/dist/extension.js
[2020-06-23 08:25:26.206] [exthost] [info] ExtensionService#_doActivateExtension alefragnani.project-manager {"startup":true,"extensionId":{"value":"alefragnani.project-manager","_lower":"alefragnani.project-manager"},"activationEvent":"*"}
[2020-06-23 08:25:26.206] [exthost] [info] ExtensionService#loadCommonJSModule file:///home/yeti/.vscode/extensions/alefragnani.project-manager-10.12.0/dist/extension
[2020-06-23 08:25:26.211] [exthost] [info] ExtensionService#_doActivateExtension CoenraadS.bracket-pair-colorizer {"startup":true,"extensionId":{"value":"CoenraadS.bracket-pair-colorizer","_lower":"coenraads.bracket-pair-colorizer"},"activationEvent":"*"}
[2020-06-23 08:25:26.211] [exthost] [info] ExtensionService#loadCommonJSModule file:///home/yeti/.vscode/extensions/coenraads.bracket-pair-colorizer-1.0.61/out/src/extension
[2020-06-23 08:25:26.223] [exthost] [info] ExtensionService#_doActivateExtension dbaeumer.vscode-eslint {"startup":true,"extensionId":{"value":"dbaeumer.vscode-eslint","_lower":"dbaeumer.vscode-eslint"},"activationEvent":"*"}
[2020-06-23 08:25:26.223] [exthost] [info] ExtensionService#loadCommonJSModule file:///home/yeti/.vscode/extensions/dbaeumer.vscode-eslint-2.1.5/client/out/extension
[2020-06-23 08:25:26.229] [exthost] [info] ExtensionService#_doActivateExtension EditorConfig.EditorConfig {"startup":true,"extensionId":{"value":"EditorConfig.EditorConfig","_lower":"editorconfig.editorconfig"},"activationEvent":"*"}
[2020-06-23 08:25:26.229] [exthost] [info] ExtensionService#loadCommonJSModule file:///home/yeti/.vscode/extensions/editorconfig.editorconfig-0.15.1/out/editorConfigMain.js
[2020-06-23 08:25:26.257] [exthost] [info] ExtensionService#_doActivateExtension Equinusocio.vsc-material-theme {"startup":true,"extensionId":{"value":"Equinusocio.vsc-material-theme","_lower":"equinusocio.vsc-material-theme"},"activationEvent":"*"}
[2020-06-23 08:25:26.257] [exthost] [info] ExtensionService#loadCommonJSModule file:///home/yeti/.vscode/extensions/equinusocio.vsc-material-theme-32.6.0/build/material.theme.config
[2020-06-23 08:25:26.267] [exthost] [info] ExtensionService#_doActivateExtension equinusocio.vsc-material-theme-icons {"startup":true,"extensionId":{"value":"equinusocio.vsc-material-theme-icons","_lower":"equinusocio.vsc-material-theme-icons"},"activationEvent":"*"}
[2020-06-23 08:25:26.267] [exthost] [info] ExtensionService#loadCommonJSModule file:///home/yeti/.vscode/extensions/equinusocio.vsc-material-theme-icons-1.1.4/out/src/extension
[2020-06-23 08:25:26.275] [exthost] [info] ExtensionService#_doActivateExtension formulahendry.auto-close-tag {"startup":true,"extensionId":{"value":"formulahendry.auto-close-tag","_lower":"formulahendry.auto-close-tag"},"activationEvent":"*"}
[2020-06-23 08:25:26.275] [exthost] [info] ExtensionService#loadCommonJSModule file:///home/yeti/.vscode/extensions/formulahendry.auto-close-tag-0.5.7/out/src/extension
[2020-06-23 08:25:26.276] [exthost] [info] ExtensionService#_doActivateExtension ryanluker.vscode-coverage-gutters {"startup":true,"extensionId":{"value":"ryanluker.vscode-coverage-gutters","_lower":"ryanluker.vscode-coverage-gutters"},"activationEvent":"*"}
[2020-06-23 08:25:26.276] [exthost] [info] ExtensionService#loadCommonJSModule file:///home/yeti/.vscode/extensions/ryanluker.vscode-coverage-gutters-2.4.3/out/src/extension
[2020-06-23 08:25:26.490] [exthost] [info] ExtensionService#_doActivateExtension silverbulleters.sonarqube-inject {"startup":true,"extensionId":{"value":"silverbulleters.sonarqube-inject","_lower":"silverbulleters.sonarqube-inject"},"activationEvent":"*"}
[2020-06-23 08:25:26.490] [exthost] [info] ExtensionService#loadCommonJSModule file:///home/yeti/.vscode/extensions/silverbulleters.sonarqube-inject-2.1.0/out/src/extension
[2020-06-23 08:25:26.545] [exthost] [info] ExtensionService#_doActivateExtension wayou.vscode-todo-highlight {"startup":true,"extensionId":{"value":"wayou.vscode-todo-highlight","_lower":"wayou.vscode-todo-highlight"},"activationEvent":"*"}
[2020-06-23 08:25:26.545] [exthost] [info] ExtensionService#loadCommonJSModule file:///home/yeti/.vscode/extensions/wayou.vscode-todo-highlight-1.0.4/src/extension
[2020-06-23 08:25:26.551] [exthost] [info] ExtensionService#_doActivateExtension vscode.npm {"startup":true,"extensionId":{"value":"vscode.npm","_lower":"vscode.npm"},"activationEvent":"workspaceContains:package.json"}
[2020-06-23 08:25:26.551] [exthost] [info] ExtensionService#loadCommonJSModule file:///usr/share/code/resources/app/extensions/npm/dist/main
[2020-06-23 08:25:26.909] [exthost] [info] eager extensions activated
[2020-06-23 08:25:36.599] [exthost] [info] ExtensionService#_doActivateExtension vscode.extension-editing {"startup":false,"extensionId":{"value":"vscode.extension-editing","_lower":"vscode.extension-editing"},"activationEvent":"onLanguage:typescript"}
[2020-06-23 08:25:36.599] [exthost] [info] ExtensionService#loadCommonJSModule file:///usr/share/code/resources/app/extensions/extension-editing/dist/extension
[2020-06-23 08:25:36.612] [exthost] [info] ExtensionService#_doActivateExtension vscode.typescript-language-features {"startup":false,"extensionId":{"value":"vscode.typescript-language-features","_lower":"vscode.typescript-language-features"},"activationEvent":"onLanguage:typescript"}
[2020-06-23 08:25:36.612] [exthost] [info] ExtensionService#loadCommonJSModule file:///usr/share/code/resources/app/extensions/typescript-language-features/dist/extension
[2020-06-23 08:25:36.620] [exthost] [info] ExtensionService#_doActivateExtension ms-vscode.vscode-typescript-tslint-plugin {"startup":false,"extensionId":{"value":"ms-vscode.vscode-typescript-tslint-plugin","_lower":"ms-vscode.vscode-typescript-tslint-plugin"},"activationEvent":"onLanguage:typescript"}
[2020-06-23 08:25:36.621] [exthost] [info] ExtensionService#loadCommonJSModule file:///home/yeti/.vscode/extensions/ms-vscode.vscode-typescript-tslint-plugin-1.2.3/out/index.js
[2020-06-23 08:25:36.628] [exthost] [info] ExtensionService#_doActivateExtension VisualStudioExptTeam.vscodeintellicode {"startup":false,"extensionId":{"value":"VisualStudioExptTeam.vscodeintellicode","_lower":"visualstudioexptteam.vscodeintellicode"},"activationEvent":"onLanguage:typescript"}
[2020-06-23 08:25:36.628] [exthost] [info] ExtensionService#loadCommonJSModule file:///home/yeti/.vscode/extensions/visualstudioexptteam.vscodeintellicode-1.2.8/dist/intellicode
[2020-06-23 08:25:47.470] [exthost] [info] ExtensionService#_doActivateExtension vscode.configuration-editing {"startup":false,"extensionId":{"value":"vscode.configuration-editing","_lower":"vscode.configuration-editing"},"activationEvent":"onLanguage:jsonc"}
[2020-06-23 08:25:47.470] [exthost] [info] ExtensionService#loadCommonJSModule file:///usr/share/code/resources/app/extensions/configuration-editing/dist/extension
[2020-06-23 08:25:47.475] [exthost] [info] ExtensionService#_doActivateExtension vscode.json-language-features {"startup":false,"extensionId":{"value":"vscode.json-language-features","_lower":"vscode.json-language-features"},"activationEvent":"onLanguage:jsonc"}
[2020-06-23 08:25:47.475] [exthost] [info] ExtensionService#loadCommonJSModule file:///usr/share/code/resources/app/extensions/json-language-features/client/dist/jsonMain
