Looking for git in: git
Using git 2.17.1 from git
> git rev-parse --show-toplevel
> git rev-parse --git-dir
Open repository: /home/yeti/Documents/redsalud/git/sap-im-repos
> git status -z -u
> git symbolic-ref --short HEAD
> git rev-parse feature/test-params
> git rev-parse --symbolic-full-name feature/test-params@{u}
fatal: no upstream configured for branch 'feature/test-params'
> git for-each-ref --format %(refname) %(objectname) --sort -committerdate
> git remote --verbose
> git config --get commit.template
> git check-ignore -v -z --stdin
> git status -z -u
> git symbolic-ref --short HEAD
> git rev-parse feature/test-params
> git rev-parse --symbolic-full-name feature/test-params@{u}
fatal: no upstream configured for branch 'feature/test-params'
> git for-each-ref --format %(refname) %(objectname) --sort -committerdate
> git remote --verbose
> git config --get commit.template
> git check-ignore -v -z --stdin
> git show HEAD:in_otc_003/t_vac_recaudacion_indexs.sql
> git ls-tree -l HEAD -- /home/yeti/Documents/redsalud/git/sap-im-repos/in_otc_003/t_vac_recaudacion_indexs.sql
> git show HEAD:in_otc_003/in_otc_003.py
> git ls-tree -l HEAD -- /home/yeti/Documents/redsalud/git/sap-im-repos/in_otc_003/in_otc_003.py
> git status -z -u
> git symbolic-ref --short HEAD
> git rev-parse feature/test-params
> git rev-parse --symbolic-full-name feature/test-params@{u}
fatal: no upstream configured for branch 'feature/test-params'
> git for-each-ref --format %(refname) %(objectname) --sort -committerdate
> git remote --verbose
> git config --get commit.template
git.stage 1
git.stage.scmResources 1
> git add -A -- /home/yeti/Documents/redsalud/git/sap-im-repos/in_otc_003/in_otc_003.py
> git status -z -u
> git symbolic-ref --short HEAD
> git rev-parse feature/test-params
> git rev-parse --symbolic-full-name feature/test-params@{u}
fatal: no upstream configured for branch 'feature/test-params'
> git for-each-ref --format %(refname) %(objectname) --sort -committerdate
> git remote --verbose
> git config --get commit.template
> git ls-files --stage -- /home/yeti/Documents/redsalud/git/sap-im-repos/in_otc_003/in_otc_003.py
> git status -z -u
> git symbolic-ref --short HEAD
> git cat-file -s 0df3214f60a0c55f48b6dc90b3bb31608c6e333a
> git ls-files --stage -- /home/yeti/Documents/redsalud/git/sap-im-repos/in_otc_003/in_otc_003.py
> git rev-parse feature/test-params
> git cat-file -s 0df3214f60a0c55f48b6dc90b3bb31608c6e333a
> git rev-parse --symbolic-full-name feature/test-params@{u}
> git show :in_otc_003/in_otc_003.py
fatal: no upstream configured for branch 'feature/test-params'
> git for-each-ref --format %(refname) %(objectname) --sort -committerdate
> git remote --verbose
> git show :in_otc_003/in_otc_003.py
> git config --get commit.template
> git ls-files --stage -- /home/yeti/Documents/redsalud/git/sap-im-repos/in_otc_003/in_otc_003.py
> git cat-file -s 0df3214f60a0c55f48b6dc90b3bb31608c6e333a
